<?xml version="1.0" encoding="UTF-8" ?>
<testsuite tests="1" failures="0" name="com.eae.upms.dao.MyBatisTest" time="2.612" errors="0" skipped="0">
  <properties>
    <property name="idea.version" value="2017.1.1"/>
    <property name="java.runtime.name" value="Java(TM) SE Runtime Environment"/>
    <property name="sun.boot.library.path" value="K:\jdk1.8.0_65\jdk1.8.0_65\jre\bin"/>
    <property name="java.vm.version" value="25.65-b01"/>
    <property name="java.vm.vendor" value="Oracle Corporation"/>
    <property name="maven.multiModuleProjectDirectory" value="D:\git\eae"/>
    <property name="java.vendor.url" value="http://java.oracle.com/"/>
    <property name="path.separator" value=";"/>
    <property name="guice.disable.misplaced.annotation.check" value="true"/>
    <property name="java.vm.name" value="Java HotSpot(TM) 64-Bit Server VM"/>
    <property name="file.encoding.pkg" value="sun.io"/>
    <property name="user.script" value=""/>
    <property name="user.country" value="CN"/>
    <property name="sun.java.launcher" value="SUN_STANDARD"/>
    <property name="sun.os.patch.level" value=""/>
    <property name="java.vm.specification.name" value="Java Virtual Machine Specification"/>
    <property name="user.dir" value="D:\git\eae"/>
    <property name="java.runtime.version" value="1.8.0_65-b17"/>
    <property name="java.awt.graphicsenv" value="sun.awt.Win32GraphicsEnvironment"/>
    <property name="java.endorsed.dirs" value="K:\jdk1.8.0_65\jdk1.8.0_65\jre\lib\endorsed"/>
    <property name="os.arch" value="amd64"/>
    <property name="java.io.tmpdir" value="J:\Users\haojy\AppData\Local\Temp\"/>
    <property name="line.separator" value="
"/>
    <property name="java.vm.specification.vendor" value="Oracle Corporation"/>
    <property name="user.variant" value=""/>
    <property name="os.name" value="Windows 10"/>
    <property name="classworlds.conf" value="K:\Program Files\JetBrains\IntelliJ IDEA 2017.1.1\plugins\maven\lib\maven3\bin\m2.conf"/>
    <property name="sun.jnu.encoding" value="GBK"/>
    <property name="java.library.path" value="K:\jdk1.8.0_65\jdk1.8.0_65\bin;J:\WINDOWS\Sun\Java\bin;J:\WINDOWS\system32;J:\WINDOWS;J:\ProgramData\Oracle\Java\javapath;G:\app\haojy\product\11.2.0\dbhome_1\bin;J:\Program Files (x86)\Common Files\NetSarang;K:\jdk1.7.0_03\bin;K:\jdk1.7.0_03\jre\bin;J:\WINDOWS\system32;J:\WINDOWS;J:\WINDOWS\System32\Wbem;J:\WINDOWS\System32\WindowsPowerShell\v1.0\;k:\Program Files\Git\cmd;K:\Program Files\MySQL\MySQL Server 5.5\bin;K:\Program Files\MongoDB\Server\3.2\bin;k:\Program Files (x86)\IDM Computer Solutions\UltraEdit;K:\apache-maven-3.3.9-bin\apache-maven-3.3.9\bin;K:\Program Files\TortoiseSVN\bin;K:\Program Files\nodejs\;k:\Ruby24-x64\bin;J:\Users\haojy\AppData\Local\Microsoft\WindowsApps;K:\apache-maven-3.3.9-bin\apache-maven-3.3.9\bin;J:\Users\haojy\AppData\Roaming\npm;."/>
    <property name="java.specification.name" value="Java Platform API Specification"/>
    <property name="java.class.version" value="52.0"/>
    <property name="sun.management.compiler" value="HotSpot 64-Bit Tiered Compilers"/>
    <property name="os.version" value="10.0"/>
    <property name="user.home" value="J:\Users\haojy"/>
    <property name="user.timezone" value="Asia/Shanghai"/>
    <property name="java.awt.printerjob" value="sun.awt.windows.WPrinterJob"/>
    <property name="java.specification.version" value="1.8"/>
    <property name="file.encoding" value="UTF-8"/>
    <property name="user.name" value="haojy"/>
    <property name="java.class.path" value="K:\Program Files\JetBrains\IntelliJ IDEA 2017.1.1\plugins\maven\lib\maven3\boot\plexus-classworlds-2.5.2.jar;K:\Program Files\JetBrains\IntelliJ IDEA 2017.1.1\lib\idea_rt.jar"/>
    <property name="java.vm.specification.version" value="1.8"/>
    <property name="sun.arch.data.model" value="64"/>
    <property name="java.home" value="K:\jdk1.8.0_65\jdk1.8.0_65\jre"/>
    <property name="sun.java.command" value="org.codehaus.classworlds.Launcher -Didea.version=2017.1.1 install"/>
    <property name="java.specification.vendor" value="Oracle Corporation"/>
    <property name="user.language" value="zh"/>
    <property name="awt.toolkit" value="sun.awt.windows.WToolkit"/>
    <property name="java.vm.info" value="mixed mode"/>
    <property name="java.version" value="1.8.0_65"/>
    <property name="java.ext.dirs" value="K:\jdk1.8.0_65\jdk1.8.0_65\jre\lib\ext;J:\WINDOWS\Sun\Java\lib\ext"/>
    <property name="sun.boot.class.path" value="K:\jdk1.8.0_65\jdk1.8.0_65\jre\lib\resources.jar;K:\jdk1.8.0_65\jdk1.8.0_65\jre\lib\rt.jar;K:\jdk1.8.0_65\jdk1.8.0_65\jre\lib\sunrsasign.jar;K:\jdk1.8.0_65\jdk1.8.0_65\jre\lib\jsse.jar;K:\jdk1.8.0_65\jdk1.8.0_65\jre\lib\jce.jar;K:\jdk1.8.0_65\jdk1.8.0_65\jre\lib\charsets.jar;K:\jdk1.8.0_65\jdk1.8.0_65\jre\lib\jfr.jar;K:\jdk1.8.0_65\jdk1.8.0_65\jre\classes"/>
    <property name="java.vendor" value="Oracle Corporation"/>
    <property name="maven.home" value="K:\Program Files\JetBrains\IntelliJ IDEA 2017.1.1\plugins\maven\lib\maven3"/>
    <property name="file.separator" value="\"/>
    <property name="java.vendor.url.bug" value="http://bugreport.sun.com/bugreport/"/>
    <property name="sun.cpu.endian" value="little"/>
    <property name="sun.io.unicode.encoding" value="UnicodeLittle"/>
    <property name="sun.desktop" value="windows"/>
    <property name="sun.cpu.isalist" value="amd64"/>
  </properties>
  <testcase classname="com.eae.upms.dao.MyBatisTest" name="testMenu" time="2.612"/>
</testsuite>